iMPACT Version: 14.1

iMPACT log file Started on Wed Apr 10 17:45:50 2013

Welcome to iMPACT
iMPACT Version: 14.1
Project: \auto_project.ipf created.
// *** BATCH CMD : setMode -bs
// *** BATCH CMD : setCable -port svf -file "Z:/Windows.Documents/MyDocuments/Sophomore/Section2/Section2_SVF.svf"
// *** BATCH CMD : addDevice -p 1 -file "Z:/Windows.Documents/MyDocuments/Sophomore/Section2/Section2_Schematic.jed"
'1': Loading file 'Z:/Windows.Documents/MyDocuments/Sophomore/Section2/Section2_Schematic.jed' ...
done.
INFO:iMPACT:1777 - 
   Reading C:/Xilinx/14.1/ISE_DS/ISE/xc9500xl/data/xc9572xl.bsd...
INFO:iMPACT:501 - '1': Added Device xc9572xl successfully.
----------------------------------------------------------------------
INFO:iMPACT - Current time: 4/10/2013 5:48:58 PM
WARNING:iMPACT - Warning: SVF Programming of 9500 series CPLDs is not supported   by every third-party boundary-scan tool provider. Please check for support   before using this SVF file to program a 9500 series device.
// *** BATCH CMD : Program -p 1 -e -v 

'1': Erasing device...
'1': Erasure completed successfully.
'1': Programming device...
PROGRESS_START - Starting Operation.
done.
'1': Putting device in ISP mode...done.
'1': Putting device in ISP mode...done.
'1': Verifying device...done.
'1': Verification completed successfully.
'1': Putting device in ISP mode...done.
'1': Programming completed successfully.
PROGRESS_END - End Operation.
Elapsed time =      0 sec.
// *** BATCH CMD : setMode -bs
// *** BATCH CMD : setMode -ss
// *** BATCH CMD : setMode -sm
// *** BATCH CMD : setMode -hw140
// *** BATCH CMD : setMode -spi
// *** BATCH CMD : setMode -acecf
// *** BATCH CMD : setMode -acempm
// *** BATCH CMD : setMode -pff
// *** BATCH CMD : setMode -bs
// *** BATCH CMD : saveProjectFile -file "\auto_project.ipf"
Backup of auto project '\auto_project_1.ipf' created.
Project: '\auto_project.ipf' created.
// *** BATCH CMD : setMode -bs
// *** BATCH CMD : setMode -ss
// *** BATCH CMD : setMode -sm
// *** BATCH CMD : setMode -hw140
// *** BATCH CMD : setMode -spi
// *** BATCH CMD : setMode -acecf
// *** BATCH CMD : setMode -acempm
// *** BATCH CMD : setMode -pff
// *** BATCH CMD : setMode -bs
// *** BATCH CMD : saveProjectFile -file "\auto_project.ipf"
// *** BATCH CMD : setMode -bs
INFO:iMPACT - Launching WebTalk, please refer to the webtalk log at /webtalk.log   for details.
INFO:iMPACT - Running wbtc successfully.
// *** BATCH CMD : setMode -bs
// *** BATCH CMD : deleteDevice -position 1
// *** BATCH CMD : setMode -bs
// *** BATCH CMD : setMode -ss
// *** BATCH CMD : setMode -sm
// *** BATCH CMD : setMode -hw140
// *** BATCH CMD : setMode -spi
// *** BATCH CMD : setMode -acecf
// *** BATCH CMD : setMode -acempm
// *** BATCH CMD : setMode -pff
